<?xml version="1.0" encoding="UTF-8"?>
<!-- Generated by org.testng.reporters.JUnitXMLReporter -->
<testsuite hostname="Phumis-MacBook.local" ignored="0" name="Default test" tests="4" failures="0" timestamp="2020-02-26T12:48:03 EST" time="44.009" errors="0">
  <testcase name="myWebTest" time="42.405" classname="runners.TestBaseClass"/>
  <testcase name="validateProductType" time="1.02" classname="runners.TestBaseClass"/>
  <testcase name="validateResponseCode200" time="0.373" classname="runners.TestBaseClass"/>
  <testcase name="validateResponseCode401" time="0.148" classname="runners.TestBaseClass"/>
</testsuite> <!-- Default test -->
