<?xml version="1.0" encoding="UTF-8"?>
<!-- Generated by org.testng.reporters.JUnitXMLReporter -->
<testsuite hostname="Phumis-MacBook.local" ignored="0" name="Upgrade POC" tests="4" failures="0" timestamp="2020-02-26T14:14:19 EST" time="42.635" errors="0">
  <testcase name="myWebTest" time="40.795" classname="runners.TestBaseClass"/>
  <testcase name="validateProductType" time="1.079" classname="runners.TestBaseClass"/>
  <testcase name="validateResponseCode200" time="0.508" classname="runners.TestBaseClass"/>
  <testcase name="validateResponseCode401" time="0.166" classname="runners.TestBaseClass"/>
</testsuite> <!-- Upgrade POC -->
